{"message":"/auth","level":"info","service":"user-service"}
{"message":"/auth","level":"info","service":"user-service"}
{"message":"/xxx","level":"info","service":"user-service"}
{"message":"/auth/1234","level":"info","service":"user-service"}
{"message":"/auth","level":"info","service":"user-service"}
{"message":"/auth","level":"info","service":"user-service"}
{"message":"/auth","level":"info","service":"user-service"}
{"message":"/auth","level":"info","service":"user-service"}
{"message":"/auth","level":"info","service":"user-service"}
{"message":"/auth","level":"info","service":"user-service"}
{"message":"/auth","level":"info","service":"user-service"}
{"message":"/auth","level":"info","service":"user-service"}
{"message":"/auth","level":"info","service":"user-service"}
{"message":"/auth","level":"info","service":"user-service"}
{"message":"/favicon.ico","level":"info","service":"user-service"}
{"message":"/stastus","level":"info","service":"user-service"}
{"message":"/favicon.ico","level":"info","service":"user-service"}
{"message":"/favicon.ico","level":"info","service":"user-service"}
{"message":"/favicon.ico","level":"info","service":"user-service"}
{"message":"/favicon.ico","level":"info","service":"user-service"}
